[debug] [2020-09-11T02:03:22.695Z] ----------------------------------------------------------------------
[debug] [2020-09-11T02:03:22.697Z] Command:       C:\Program Files\nodejs\node.exe C:\Users\camoreno\AppData\Roaming\npm\node_modules\firebase-tools\lib\bin\firebase.js login
[debug] [2020-09-11T02:03:22.698Z] CLI Version:   8.10.0
[debug] [2020-09-11T02:03:22.698Z] Platform:      win32
[debug] [2020-09-11T02:03:22.698Z] Node Version:  v12.18.2
[debug] [2020-09-11T02:03:22.701Z] Time:          Thu Sep 10 2020 21:03:22 GMT-0500 (GMT-05:00)
[debug] [2020-09-11T02:03:22.701Z] ----------------------------------------------------------------------
[debug] [2020-09-11T02:03:22.701Z] 
[info] i  Firebase optionally collects CLI usage and error reporting information to help improve our products. Data is collected in accordance with Google's privacy policy (https://policies.google.com/privacy) and is not used to identify you.
 
[info] 
[info] Visit this URL on this device to log in:
[info] https://accounts.google.com/o/oauth2/auth?client_id=563584335869-fgrhgmd47bqnekij5i8b5pr03ho849e6.apps.googleusercontent.com&scope=email%20openid%20https%3A%2F%2Fwww.googleapis.com%2Fauth%2Fcloudplatformprojects.readonly%20https%3A%2F%2Fwww.googleapis.com%2Fauth%2Ffirebase%20https%3A%2F%2Fwww.googleapis.com%2Fauth%2Fcloud-platform&response_type=code&state=47987514&redirect_uri=http%3A%2F%2Flocalhost%3A9005
[info] 
[info] Waiting for authentication...
[debug] [2020-09-11T02:03:52.902Z] >>> HTTP REQUEST POST https://accounts.google.com/o/oauth2/token  
 {"code":"4/4AF0krI9U9xb3cmebnehXwP_kbQwvlSp5KmPzJaIO_CWgegrWxSByqt9D7-GbrEIz6JY1uYi3tdj9mO3G45m930","client_id":"563584335869-fgrhgmd47bqnekij5i8b5pr03ho849e6.apps.googleusercontent.com","client_secret":"j9iVZfS8kkCEFUPaAeJV0sAi","redirect_uri":"http://localhost:9005","grant_type":"authorization_code"}
[debug] [2020-09-11T02:03:53.262Z] <<< HTTP RESPONSE 200 {"content-type":"application/json; charset=utf-8","vary":"X-Origin, Referer, Origin,Accept-Encoding","date":"Fri, 11 Sep 2020 02:03:53 GMT","server":"scaffolding on HTTPServer2","cache-control":"private","x-xss-protection":"0","x-frame-options":"SAMEORIGIN","x-content-type-options":"nosniff","alt-svc":"h3-29=\":443\"; ma=2592000,h3-27=\":443\"; ma=2592000,h3-T051=\":443\"; ma=2592000,h3-T050=\":443\"; ma=2592000,h3-Q050=\":443\"; ma=2592000,h3-Q046=\":443\"; ma=2592000,h3-Q043=\":443\"; ma=2592000,quic=\":443\"; ma=2592000; v=\"46,43\"","accept-ranges":"none","transfer-encoding":"chunked"}
[debug] [2020-09-11T02:03:53.305Z] Error: EPERM: operation not permitted, rename 'C:\Users\camoreno\.config\configstore\firebase-tools.json.1452106253' -> 'C:\Users\camoreno\.config\configstore\firebase-tools.json'
    at Object.renameSync (fs.js:734:3)
    at Function.writeFileSync [as sync] (C:\Users\camoreno\AppData\Roaming\npm\node_modules\firebase-tools\node_modules\write-file-atomic\index.js:244:8)
    at Configstore.set all [as all] (C:\Users\camoreno\AppData\Roaming\npm\node_modules\firebase-tools\node_modules\configstore\index.js:61:20)
    at Configstore.set (C:\Users\camoreno\AppData\Roaming\npm\node_modules\firebase-tools\node_modules\configstore\index.js:91:12)
    at C:\Users\camoreno\AppData\Roaming\npm\node_modules\firebase-tools\lib\commands\login.js:55:31
    at Generator.next (<anonymous>)
    at fulfilled (C:\Users\camoreno\AppData\Roaming\npm\node_modules\firebase-tools\lib\commands\login.js:5:58)
    at processTicksAndRejections (internal/process/task_queues.js:97:5)
[error] 
[error] Error: An unexpected error has occurred.
